app/build/intermediates/manifest_merge_blame_file/release/manifest-merger-blame-release-report.txt
1<?xml version="1.0" encoding="utf-8"?>
2<manifest xmlns:android="http://schemas.android.com/apk/res/android"
3    xmlns:dist="http://schemas.android.com/apk/distribution"
4    package="info.camposha.personaldiary"
5    android:versionCode="1"
6    android:versionName="1.0" >
7
8    <uses-sdk
9        android:minSdkVersion="16"
9-->src\main\AndroidManifest.xml
10        android:targetSdkVersion="28" />
10-->src\main\AndroidManifest.xml
11
12    <uses-permission android:name="android.permission.INTERNET" />
12-->src\main\AndroidManifest.xml:4:9-70
12-->src\main\AndroidManifest.xml:4:26-68
13
14    <dist:module dist:instant="true" />
14-->src\main\AndroidManifest.xml:5:9-6:35
14-->src\main\AndroidManifest.xml:6:13-32
15
16    <application
16-->src\main\AndroidManifest.xml:8:5-46:19
17        android:name="info.Parkhomenko.personaldiary.App"
17-->src\main\AndroidManifest.xml:9:9-58
18        android:allowBackup="true"
18-->src\main\AndroidManifest.xml:10:9-35
19        android:appComponentFactory="androidx.core.app.CoreComponentFactory"
19-->[androidx.core:core:1.0.1] AndroidManifest.xml:22:18-86
20        android:icon="@drawable/agendas"
20-->src\main\AndroidManifest.xml:11:9-41
21        android:label="@string/app_name"
21-->src\main\AndroidManifest.xml:12:9-41
22        android:supportsRtl="true"
22-->src\main\AndroidManifest.xml:13:9-35
23        android:theme="@style/AppTheme" >
23-->src\main\AndroidManifest.xml:14:9-40
24        <activity
24-->src\main\AndroidManifest.xml:15:9-21:20
25            android:name="info.Parkhomenko.personaldiary.view.ui.SplashActivity"
25-->src\main\AndroidManifest.xml:15:19-87
26            android:exported="true"
26-->src\main\AndroidManifest.xml:16:13-36
27            android:theme="@style/SplashTheme" >
27-->src\main\AndroidManifest.xml:15:88-122
28            <intent-filter>
28-->src\main\AndroidManifest.xml:17:13-20:29
29                <action android:name="android.intent.action.MAIN" />
29-->src\main\AndroidManifest.xml:18:17-69
29-->src\main\AndroidManifest.xml:18:25-66
30
31                <category android:name="android.intent.category.LAUNCHER" />
31-->src\main\AndroidManifest.xml:19:17-77
31-->src\main\AndroidManifest.xml:19:27-74
32            </intent-filter>
33        </activity>
34        <activity
34-->src\main\AndroidManifest.xml:23:9-25:44
35            android:name="info.Parkhomenko.personaldiary.view.ui.DiariesActivity"
35-->src\main\AndroidManifest.xml:24:13-82
36            android:label="Live to Learn" />
36-->src\main\AndroidManifest.xml:25:13-42
37        <activity
37-->src\main\AndroidManifest.xml:26:9-30:99
38            android:name="info.Parkhomenko.personaldiary.view.ui.CRUDActivity"
38-->src\main\AndroidManifest.xml:27:13-79
39            android:label="Редагування задачі "
39-->src\main\AndroidManifest.xml:29:13-48
40            android:parentActivityName="info.Parkhomenko.personaldiary.view.ui.DiariesActivity"
40-->src\main\AndroidManifest.xml:30:13-96
41            android:theme="@style/CRUDTheme" />
41-->src\main\AndroidManifest.xml:28:13-45
42        <activity
42-->src\main\AndroidManifest.xml:31:9-34:99
43            android:name="info.Parkhomenko.personaldiary.view.ui.DetailActivity"
43-->src\main\AndroidManifest.xml:32:13-81
44            android:label="Деталі задачі "
44-->src\main\AndroidManifest.xml:33:13-43
45            android:parentActivityName="info.Parkhomenko.personaldiary.view.ui.DiariesActivity" />
45-->src\main\AndroidManifest.xml:34:13-96
46        <activity
46-->src\main\AndroidManifest.xml:35:9-38:99
47            android:name="info.Parkhomenko.personaldiary.view.ui.HelperActivity"
47-->src\main\AndroidManifest.xml:36:13-81
48            android:label="Деталі задачі "
48-->src\main\AndroidManifest.xml:37:13-43
49            android:parentActivityName="info.Parkhomenko.personaldiary.view.ui.DiariesActivity" />
49-->src\main\AndroidManifest.xml:38:13-96
50        <activity
50-->src\main\AndroidManifest.xml:39:9-41:42
51            android:name="info.Parkhomenko.personaldiary.view.ui.RegistationActivity"
51-->src\main\AndroidManifest.xml:40:13-86
52            android:label="Реєстрація " />
52-->src\main\AndroidManifest.xml:41:13-40
53        <activity
53-->src\main\AndroidManifest.xml:42:9-45:15
54            android:name="info.Parkhomenko.personaldiary.view.ui.LoginActivity"
54-->src\main\AndroidManifest.xml:43:13-80
55            android:label="Вхід " />
55-->src\main\AndroidManifest.xml:44:13-34
56
57        <provider
57-->[androidx.lifecycle:lifecycle-process:2.0.0] AndroidManifest.xml:23:9-27:43
58            android:name="androidx.lifecycle.ProcessLifecycleOwnerInitializer"
58-->[androidx.lifecycle:lifecycle-process:2.0.0] AndroidManifest.xml:24:13-79
59            android:authorities="info.camposha.personaldiary.lifecycle-process"
59-->[androidx.lifecycle:lifecycle-process:2.0.0] AndroidManifest.xml:25:13-69
60            android:exported="false"
60-->[androidx.lifecycle:lifecycle-process:2.0.0] AndroidManifest.xml:26:13-37
61            android:multiprocess="true" />
61-->[androidx.lifecycle:lifecycle-process:2.0.0] AndroidManifest.xml:27:13-40
62    </application>
63
64</manifest>